This is pdfTeX, Version 3.14159265-2.6-1.40.17 (TeX Live 2016/Debian) (preloaded format=pdflatex 2018.10.18)  6 MAY 2019 21:52
entering extended mode
 restricted \write18 enabled.
 %&-line parsing enabled.
**/home/luciano/rusia/posgrado/semestre4/proyecto/trabajo_final/tex_lu/20-analy
sis

(/home/luciano/rusia/posgrado/semestre4/proyecto/trabajo_final/tex_lu/20-analys
is.tex
LaTeX2e <2017/01/01> patch level 3
Babel <3.9r> and hyphenation patterns for 83 language(s) loaded.
! Undefined control sequence.
l.1 \chapter
            {АНАЛИТИЧЕСКИЙ РАЗДЕЛ} 
Here is how much of TeX's memory you used:
 6 strings out of 493013
 355 string characters out of 6135681
 53277 words of memory out of 5000000
 3649 multiletter control sequences out of 15000+600000
 3640 words of font info for 14 fonts, out of 8000000 for 9000
 1141 hyphenation exceptions out of 8191
 5i,0n,1p,132b,8s stack positions out of 5000i,500n,10000p,200000b,80000s

!  ==> Fatal error occurred, no output PDF file produced!
