This is pdfTeX, Version 3.14159265-2.6-1.40.17 (TeX Live 2016/Debian) (preloaded format=pdflatex 2018.10.18)  13 MAY 2019 23:26
entering extended mode
 restricted \write18 enabled.
 %&-line parsing enabled.
**/home/luciano/sgsi/tex_lu/G7-32.sty
(/home/luciano/sgsi/tex_lu/G7-32.sty
LaTeX2e <2017/01/01> patch level 3
Babel <3.9r> and hyphenation patterns for 83 language(s) loaded.

LaTeX Warning: You have requested package `',
               but the package provides `G7-32'.

Package: G7-32 2003/07/07 v1.00 Titles for GOST 7.32-2001
! Undefined control sequence.
l.21 \addto
           \captionsrussian{%оглавление 
Here is how much of TeX's memory you used:
 27 strings out of 493013
 301 string characters out of 6135681
 53277 words of memory out of 5000000
 3669 multiletter control sequences out of 15000+600000
 3640 words of font info for 14 fonts, out of 8000000 for 9000
 1141 hyphenation exceptions out of 8191
 7i,0n,6p,153b,10s stack positions out of 5000i,500n,10000p,200000b,80000s

!  ==> Fatal error occurred, no output PDF file produced!
